This is TeX, Version 3.14159 (C version 6.1) (format=latex 97.4.23)  31 JUL 1998 12:00
**doc
(doc.tex
LaTeX2e <1996/12/01> patch level 1
Babel <v3.6h> and hyphenation patterns for american, german, loaded.
(/sw/share/teTeX-0.4pl8/texmf/tex/latex/base/article.cls
Document Class: article 1996/10/31 v1.3u Standard LaTeX document class
(/sw/share/teTeX-0.4pl8/texmf/tex/latex/base/size10.clo
File: size10.clo 1996/10/31 v1.3u Standard LaTeX file (size option)
)
\c@part=\count79
\c@section=\count80
\c@subsection=\count81
\c@subsubsection=\count82
\c@paragraph=\count83
\c@subparagraph=\count84
\c@figure=\count85
\c@table=\count86
\abovecaptionskip=\skip41
\belowcaptionskip=\skip42
\bibindent=\dimen102
)
(/vispar/TeX/inputs/a4wide.sty
(/sw/share/teTeX-0.4pl8/texmf/tex/latex/ntgclass/a4.sty

LaTeX Warning: You have requested package `a4wide',
               but the package provides `a4'.

Package: a4 1995/09/25 v1.2e A4 based page layout
)) (../docxx.sty
\cxxcodewidth=\dimen103
\cxxIdWidth=\dimen104
\cxxTypeWidth=\dimen105
\cxxProtoWidth=\dimen106
\cxxMemoWidth=\dimen107
\cxxPageWidth=\dimen108
\cxxProtoMemoWidth=\dimen109
\cxxtypestart=\dimen110
\cxxnamestart=\dimen111
\cxxargsstart=\dimen112
\cxxargswidth=\dimen113
\cxxmemostart=\dimen114
\cxxBoxLen=\skip43
\cxxBoxHt=\skip44
\cxxBoxDp=\skip45
\cxxSideHt=\skip46
\cxxSideLen=\skip47
\cxxTitleLen=\skip48
\cxxHeadName=\box26
\c@cxxContentsDepth=\count87
\cxxContentsLengthIncr=\dimen115
\cxxContentsLength=\dimen116
\cxxClassGraphShift=\dimen117
\cxxClassGraphLength=\dimen118
\cxxClassGraphHeight=\dimen119
\cxxClassGraphDepth=\dimen120
\cxxClassGraphTotV=\dimen121
\cxxgenericstart=\dimen122
\cxxgenericwidth=\dimen123
\c@cxxDepth=\count88
\cxxSize=\skip49
) (doc.aux)
LaTeX Font Info:    Checking defaults for OML/cmm/m/it on input line 4.
LaTeX Font Info:    ... okay on input line 4.
LaTeX Font Info:    Checking defaults for T1/cmr/m/n on input line 4.
LaTeX Font Info:    ... okay on input line 4.
LaTeX Font Info:    Checking defaults for OT1/cmr/m/n on input line 4.
LaTeX Font Info:    ... okay on input line 4.
LaTeX Font Info:    Checking defaults for OMS/cmsy/m/n on input line 4.
LaTeX Font Info:    ... okay on input line 4.
LaTeX Font Info:    Checking defaults for OMX/cmex/m/n on input line 4.
LaTeX Font Info:    ... okay on input line 4.
LaTeX Font Info:    Checking defaults for U/cmr/m/n on input line 4.
LaTeX Font Info:    ... okay on input line 4.
 [1

]
LaTeX Font Info:    Try loading font information for OMS+cmss on input line 54.

LaTeX Font Info:    No file OMScmss.fd. on input line 54.


LaTeX Font Warning: Font shape `OMS/cmss/m/n' undefined
(Font)              using `OMS/cmsy/m/n' instead on input line 54.

[2]
Underfull \hbox (badness 10000) in paragraph at lines 55--56

 []

LaTeX Font Info:    Try loading font information for OMS+cmr on input line 68.
(/sw/share/teTeX-0.4pl8/texmf/tex/latex/base/omscmr.fd
File: omscmr.fd 1997/01/14 v2.5a Standard LaTeX font definitions
)
LaTeX Font Info:    Font shape `OMS/cmr/m/n' in size <10> not available
(Font)              Font shape `OMS/cmsy/m/n' tried instead on input line 68.
LaTeX Font Info:    External font `cmex10' loaded for size
(Font)              <7> on input line 75.
LaTeX Font Info:    External font `cmex10' loaded for size
(Font)              <5> on input line 75.

Underfull \hbox (badness 10000) in paragraph at lines 74--83

 []

[3

]
Underfull \hbox (badness 10000) in paragraph at lines 116--117

 []

[4

]
LaTeX Font Info:    Try loading font information for OMS+cmtt on input line 196
.
LaTeX Font Info:    No file OMScmtt.fd. on input line 196.


LaTeX Font Warning: Font shape `OMS/cmtt/m/n' undefined
(Font)              using `OMS/cmsy/m/n' instead
(Font)              for symbol `textbraceleft' on input line 196.

[5

] [6

] [7] [8] [9] [10] [11] [12] [13

]
Overfull \hbox (0.66005pt too wide) in paragraph at lines 738--738
[]        \OT1/cmtt/m/n/10 Note that protected members are displayed after publ
ic ones, even if they[] 
 []


Overfull \hbox (11.15996pt too wide) in paragraph at lines 738--738
[]            \OT1/cmtt/m/n/10 /// a public member function showing links to ar
gument and type classes[] 
 []

[14]
Overfull \hbox (11.15996pt too wide) in paragraph at lines 770--770
[]        \OT1/cmtt/m/n/10 Here we show multiple inheritance from one docified 
class and a nondocified[] 
 []

[15] [16] [17]
Underfull \hbox (badness 10000) in paragraph at lines 942--950

 []

[18]
Underfull \hbox (badness 10000) in paragraph at lines 951--952

 []

[19

] [20] [21

]
Underfull \hbox (badness 10000) in paragraph at lines 1074--1075

 []

[22

] [23] [24]
Underfull \hbox (badness 10000) in paragraph at lines 1195--1195

 []

[25

] (doc.aux)

LaTeX Font Warning: Some font shapes were not available, defaults substituted.

 ) 
Here is how much of TeX's memory you used:
 513 strings out of 10906
 5355 string characters out of 72019
 56525 words of memory out of 262141
 3429 multiletter control sequences out of 9500
 8504 words of font info for 30 fonts, out of 150000 for 255
 14 hyphenation exceptions out of 607
 25i,14n,28p,191b,638s stack positions out of 300i,40n,60p,3000b,4000s

Output written on doc.dvi (25 pages, 74880 bytes).
