
DNA: {
  [RULE:1]
    weight=1
    hunger=10
    acceleration=1
    threshold=100
    
  [RULE:3]
    weight=1
    hunger=10
    fear=1
    
  [RULE:5]
    weight=1
    collision=0.2
    
  [RULE:8]
    weight=1
    frienddistance=2
    
  [RULE:10]
    weight=0.2
    visiondist=4
    
  [RULE:11]
    weight=0.2
    visiondist=4
    
  }

DNA: {
  [RULE:1]
    weight=1
    hunger=10
    acceleration=1
    threshold=100
    
  [RULE:3]
    weight=1
    hunger=10
    fear=1
    
  [RULE:5]
    weight=1
    collision=0.2
    
  [RULE:8]
    weight=1
    frienddistance=2
    
  [RULE:10]
    weight=0.2
    visiondist=4
    
  [RULE:11]
    weight=0.2
    visiondist=4
    
  }

DNA: {
  [RULE:1]
    weight=1
    hunger=10
    acceleration=1
    threshold=100
    
  [RULE:3]
    weight=1
    hunger=10
    fear=1
    
  [RULE:5]
    weight=1
    collision=0.2
    
  [RULE:8]
    weight=1
    frienddistance=2
    
  [RULE:10]
    weight=0.2
    visiondist=4
    
  [RULE:11]
    weight=0.2
    visiondist=4
    
  }

DNA: {
  [RULE:1]
    weight=1
    hunger=10
    acceleration=1
    threshold=100
    
  [RULE:3]
    weight=1
    hunger=10
    fear=1
    
  [RULE:5]
    weight=1
    collision=0.2
    
  [RULE:8]
    weight=1
    frienddistance=2
    
  [RULE:10]
    weight=0.2
    visiondist=4
    
  [RULE:11]
    weight=0.2
    visiondist=4
    
  }

DNA: {
  [RULE:1]
    weight=1
    hunger=10
    acceleration=1
    threshold=100
    
  [RULE:3]
    weight=1
    hunger=10
    fear=1
    
  [RULE:5]
    weight=1
    collision=0.2
    
  [RULE:8]
    weight=1
    frienddistance=2
    
  [RULE:10]
    weight=0.2
    visiondist=4
    
  [RULE:11]
    weight=0.2
    visiondist=4
    
  }

DNA: {
  [RULE:1]
    weight=1
    hunger=10
    acceleration=1
    threshold=100
    
  [RULE:3]
    weight=1
    hunger=10
    fear=1
    
  [RULE:5]
    weight=1
    collision=0.2
    
  [RULE:8]
    weight=1
    frienddistance=2
    
  [RULE:10]
    weight=0.2
    visiondist=4
    
  [RULE:11]
    weight=0.2
    visiondist=4
    
  }

DNA: {
  [RULE:1]
    weight=1
    hunger=10
    acceleration=1
    threshold=100
    
  [RULE:3]
    weight=1
    hunger=10
    fear=1
    
  [RULE:5]
    weight=1
    collision=0.2
    
  [RULE:8]
    weight=1
    frienddistance=2
    
  [RULE:10]
    weight=0.2
    visiondist=4
    
  [RULE:11]
    weight=0.2
    visiondist=4
    
  }

DNA: {
  [RULE:1]
    weight=1
    hunger=10
    acceleration=1
    threshold=100
    
  [RULE:3]
    weight=1
    hunger=10
    fear=1
    
  [RULE:5]
    weight=1
    collision=0.2
    
  [RULE:8]
    weight=1
    frienddistance=2
    
  [RULE:10]
    weight=0.2
    visiondist=4
    
  [RULE:11]
    weight=0.2
    visiondist=4
    
  }

DNA: {
  [RULE:1]
    weight=1
    hunger=10
    acceleration=1
    threshold=100
    
  [RULE:3]
    weight=1
    hunger=10
    fear=1
    
  [RULE:5]
    weight=1
    collision=0.2
    
  [RULE:8]
    weight=1
    frienddistance=2
    
  [RULE:10]
    weight=0.2
    visiondist=4
    
  [RULE:11]
    weight=0.2
    visiondist=4
    
  }

DNA: {
  [RULE:1]
    weight=1
    hunger=10
    acceleration=1
    threshold=100
    
  [RULE:3]
    weight=1
    hunger=10
    fear=1
    
  [RULE:5]
    weight=1
    collision=0.2
    
  [RULE:8]
    weight=1
    frienddistance=2
    
  [RULE:10]
    weight=0.2
    visiondist=4
    
  [RULE:11]
    weight=0.2
    visiondist=4
    
  }

DNA: {
  [RULE:1]
    weight=1
    hunger=10
    acceleration=1
    threshold=100
    
  [RULE:3]
    weight=1
    hunger=10
    fear=1
    
  [RULE:5]
    weight=1
    collision=0.2
    
  [RULE:8]
    weight=1
    frienddistance=2
    
  [RULE:10]
    weight=0.2
    visiondist=4
    
  [RULE:11]
    weight=0.2
    visiondist=4
    
  }
